<?xml version="1.0" encoding="UTF-8"?>
<testsuite xmlns:xsi="http://www.w3.org/2001/XMLSchema-instance" xsi:noNamespaceSchemaLocation="https://maven.apache.org/surefire/maven-surefire-plugin/xsd/surefire-test-report-3.0.xsd" version="3.0" name="BancoTest" time="0.104" tests="6" errors="0" skipped="0" failures="0">
  <properties>
[...]
</properties>
  <testcase name="testSaqueInvalido" classname="BancoTest" time="0.047"/>
  <testcase name="testSaqueSaldoInsuficiente" classname="BancoTest" time="0.002"/>
  <testcase name="testSaldoInicial" classname="BancoTest" time="0.003"/>
  <testcase name="testDepositoValido" classname="BancoTest" time="0.002"/>
  <testcase name="testDepositoInvalido" classname="BancoTest" time="0.001"/>
  <testcase name="testSaqueBemSucedido" classname="BancoTest" time="0.002"/>
</testsuite>